[2025-06-27 15:20:39] Pipeline Started
[2025-06-27 15:20:39] Starting Data Acquisition Phase
[2025-06-27 15:22:58] Pipeline Started
[2025-06-27 15:22:58] Starting Data Acquisition Phase
[2025-06-27 15:24:22] Pipeline Started
[2025-06-27 15:24:22] Starting Data Acquisition Phase
[2025-06-27 15:24:42] Data Acquisition Phase Complete
[2025-06-27 15:24:42] Pipeline Finished
[2025-06-27 15:31:28] Pipeline Started
[2025-06-27 15:31:28] Starting Data Acquisition Phase
[2025-06-27 15:31:28] Data Acquisition Phase Complete
[2025-06-27 15:31:28] Pipeline Finished
[2025-06-27 15:34:26] Pipeline Started
[2025-06-27 15:34:26] Starting Data Acquisition Phase
[2025-06-27 15:37:17] Data Acquisition Phase Complete
[2025-06-27 15:37:18] Pipeline Finished
[2025-06-27 15:49:13] Pipeline Started
[2025-06-27 15:49:13] Starting Data Acquisition Phase
[2025-06-27 15:49:14] Data Acquisition Phase Complete
[2025-06-27 15:49:14] Starting BLAST Search Phase
[2025-06-27 15:49:17] BLAST Search Phase Complete
[2025-06-27 15:49:17] Starting Report Generation Phase
[2025-06-27 15:49:17] Report Generation Phase Complete
[2025-06-27 15:49:17] Pipeline Finished
[2025-06-27 15:53:59] Pipeline Started
[2025-06-27 15:53:59] Starting Data Acquisition Phase
[2025-06-27 15:54:00] Data Acquisition Phase Complete
[2025-06-27 15:54:00] Starting BLAST Search Phase
[2025-06-27 15:54:03] BLAST Search Phase Complete
[2025-06-27 15:54:03] Starting Report Generation Phase
[2025-06-27 15:54:04] Report Generation Phase Complete
[2025-06-27 15:54:04] Pipeline Finished
[2025-06-27 15:59:30] Pipeline Started
[2025-06-27 15:59:30] Starting Data Acquisition Phase
[2025-06-27 16:00:37] Pipeline Started
[2025-06-27 16:00:37] Starting Data Acquisition Phase
[2025-06-27 16:04:15] Data Acquisition Phase Complete
[2025-06-27 16:04:15] Starting BLAST Search Phase
[2025-06-27 16:04:30] BLAST Search Phase Complete
[2025-06-27 16:04:30] Starting Report Generation Phase
[2025-06-27 16:05:01] Pipeline Started
[2025-06-27 16:05:01] Starting Data Acquisition Phase
[2025-06-27 16:05:03] Data Acquisition Phase Complete
[2025-06-27 16:05:03] Starting BLAST Search Phase
[2025-06-27 16:05:18] BLAST Search Phase Complete
[2025-06-27 16:05:18] Starting Report Generation Phase
[2025-06-27 16:14:22] Pipeline Started
[2025-06-27 16:14:22] Starting Data Acquisition Phase
[2025-06-27 16:14:22] Data Acquisition Phase Complete
[2025-06-27 16:14:22] Starting BLAST Search Phase
[2025-06-27 16:14:41] BLAST Search Phase Complete
[2025-06-27 16:14:41] Starting Report Generation Phase
[2025-06-27 16:16:31] Pipeline Started
[2025-06-27 16:16:31] Starting Data Acquisition Phase
[2025-06-27 16:16:32] Data Acquisition Phase Complete
[2025-06-27 16:16:32] Starting BLAST Search Phase
[2025-06-27 16:16:47] BLAST Search Phase Complete
[2025-06-27 16:16:47] Starting Report Generation Phase
[2025-06-27 16:17:22] Pipeline Started
[2025-06-27 16:17:22] Starting Data Acquisition Phase
[2025-06-27 16:17:23] Data Acquisition Phase Complete
[2025-06-27 16:17:23] Starting BLAST Search Phase
[2025-06-27 16:17:39] BLAST Search Phase Complete
[2025-06-27 16:17:39] Starting Report Generation Phase
[2025-06-27 16:20:08] Pipeline Started
[2025-06-27 16:20:08] Starting Data Acquisition Phase
[2025-06-27 16:20:09] Data Acquisition Phase Complete
[2025-06-27 16:20:09] Starting BLAST Search Phase
[2025-06-27 16:20:24] BLAST Search Phase Complete
[2025-06-27 16:20:24] Starting Report Generation Phase
[2025-06-27 16:25:44] Pipeline Started
[2025-06-27 16:25:44] Starting Data Acquisition Phase
[2025-06-27 16:25:45] Data Acquisition Phase Complete
[2025-06-27 16:25:45] Starting BLAST Search Phase
[2025-06-27 16:26:00] BLAST Search Phase Complete
[2025-06-27 16:26:00] Starting Report Generation Phase
[2025-06-27 16:26:01] Report Generation Phase Complete
[2025-06-27 16:26:01] Pipeline Finished
[2025-06-27 16:31:02] Pipeline Started
[2025-06-27 16:31:02] Starting Data Acquisition Phase
[2025-06-27 16:31:02] Data Acquisition Phase Complete
[2025-06-27 16:31:02] Starting BLAST Search Phase
[2025-06-27 16:31:22] BLAST Search Phase Complete
[2025-06-27 16:31:22] Starting Report Generation Phase
[2025-06-27 16:31:23] Report Generation Phase Complete
[2025-06-27 16:31:23] Pipeline Finished
